<?xml version="1.0" encoding="UTF-8"?>
<coverage generated="1613370676757" clover="3.2.0">
  <project timestamp="1613370676757" name="All files">
    <metrics statements="104" coveredstatements="74" conditionals="19" coveredconditionals="9" methods="43" coveredmethods="29" elements="166" coveredelements="112" complexity="0" loc="104" ncloc="104" packages="14" files="29" classes="29">
      <package name="src">
        <metrics statements="11" coveredstatements="9" conditionals="0" coveredconditionals="0" methods="2" coveredmethods="2"/>
        <file name="App.js" path="/Users/andela/Desktop/andela/elite-bn-frontend/src/App.js">
          <metrics statements="3" coveredstatements="1" conditionals="0" coveredconditionals="0" methods="1" coveredmethods="1"/>
          <line num="10" count="8" type="stmt"/>
          <line num="11" count="0" type="stmt"/>
          <line num="12" count="0" type="stmt"/>
        </file>
        <file name="ExampleFile.js" path="/Users/andela/Desktop/andela/elite-bn-frontend/src/ExampleFile.js">
          <metrics statements="3" coveredstatements="3" conditionals="0" coveredconditionals="0" methods="1" coveredmethods="1"/>
          <line num="6" count="2" type="stmt"/>
          <line num="19" count="2" type="stmt"/>
          <line num="20" count="2" type="stmt"/>
        </file>
        <file name="axios.js" path="/Users/andela/Desktop/andela/elite-bn-frontend/src/axios.js">
          <metrics statements="1" coveredstatements="1" conditionals="0" coveredconditionals="0" methods="0" coveredmethods="0"/>
          <line num="3" count="6" type="stmt"/>
        </file>
        <file name="index.js" path="/Users/andela/Desktop/andela/elite-bn-frontend/src/index.js">
          <metrics statements="4" coveredstatements="4" conditionals="0" coveredconditionals="0" methods="0" coveredmethods="0"/>
          <line num="10" count="1" type="stmt"/>
          <line num="14" count="1" type="stmt"/>
          <line num="21" count="1" type="stmt"/>
          <line num="23" count="1" type="stmt"/>
        </file>
      </package>
      <package name="src.Routes">
        <metrics statements="1" coveredstatements="1" conditionals="0" coveredconditionals="0" methods="1" coveredmethods="1"/>
        <file name="index.js" path="/Users/andela/Desktop/andela/elite-bn-frontend/src/Routes/index.js">
          <metrics statements="1" coveredstatements="1" conditionals="0" coveredconditionals="0" methods="1" coveredmethods="1"/>
          <line num="8" count="1" type="stmt"/>
        </file>
      </package>
      <package name="src.components">
        <metrics statements="18" coveredstatements="18" conditionals="0" coveredconditionals="0" methods="8" coveredmethods="6"/>
        <file name="Home.js" path="/Users/andela/Desktop/andela/elite-bn-frontend/src/components/Home.js">
          <metrics statements="4" coveredstatements="4" conditionals="0" coveredconditionals="0" methods="2" coveredmethods="1"/>
          <line num="9" count="6" type="stmt"/>
          <line num="10" count="1" type="stmt"/>
          <line num="12" count="1" type="stmt"/>
          <line num="13" count="1" type="stmt"/>
        </file>
        <file name="Login.js" path="/Users/andela/Desktop/andela/elite-bn-frontend/src/components/Login.js">
          <metrics statements="11" coveredstatements="11" conditionals="0" coveredconditionals="0" methods="4" coveredmethods="3"/>
          <line num="13" count="6" type="stmt"/>
          <line num="15" count="6" type="stmt"/>
          <line num="16" count="6" type="stmt"/>
          <line num="17" count="4" type="stmt"/>
          <line num="18" count="4" type="stmt"/>
          <line num="23" count="6" type="stmt"/>
          <line num="25" count="2" type="stmt"/>
          <line num="27" count="2" type="stmt"/>
          <line num="29" count="6" type="stmt"/>
          <line num="31" count="6" type="stmt"/>
          <line num="32" count="6" type="stmt"/>
        </file>
        <file name="TextField.js" path="/Users/andela/Desktop/andela/elite-bn-frontend/src/components/TextField.js">
          <metrics statements="2" coveredstatements="2" conditionals="0" coveredconditionals="0" methods="1" coveredmethods="1"/>
          <line num="4" count="6" type="stmt"/>
          <line num="6" count="12" type="stmt"/>
        </file>
        <file name="profile.js" path="/Users/andela/Desktop/andela/elite-bn-frontend/src/components/profile.js">
          <metrics statements="1" coveredstatements="1" conditionals="0" coveredconditionals="0" methods="1" coveredmethods="1"/>
          <line num="4" count="1" type="stmt"/>
        </file>
      </package>
      <package name="src.components.Footer">
        <metrics statements="2" coveredstatements="2" conditionals="0" coveredconditionals="0" methods="1" coveredmethods="1"/>
        <file name="Footer.js" path="/Users/andela/Desktop/andela/elite-bn-frontend/src/components/Footer/Footer.js">
          <metrics statements="2" coveredstatements="2" conditionals="0" coveredconditionals="0" methods="1" coveredmethods="1"/>
          <line num="4" count="6" type="stmt"/>
          <line num="5" count="6" type="stmt"/>
        </file>
      </package>
      <package name="src.components.Header">
        <metrics statements="2" coveredstatements="2" conditionals="0" coveredconditionals="0" methods="1" coveredmethods="1"/>
        <file name="NavBar.js" path="/Users/andela/Desktop/andela/elite-bn-frontend/src/components/Header/NavBar.js">
          <metrics statements="2" coveredstatements="2" conditionals="0" coveredconditionals="0" methods="1" coveredmethods="1"/>
          <line num="4" count="6" type="stmt"/>
          <line num="5" count="6" type="stmt"/>
        </file>
      </package>
      <package name="src.components.LandingPage">
        <metrics statements="21" coveredstatements="20" conditionals="6" coveredconditionals="5" methods="11" coveredmethods="10"/>
        <file name="DropMenu.js" path="/Users/andela/Desktop/andela/elite-bn-frontend/src/components/LandingPage/DropMenu.js">
          <metrics statements="2" coveredstatements="2" conditionals="2" coveredconditionals="1" methods="1" coveredmethods="1"/>
          <line num="4" count="7" type="stmt"/>
          <line num="5" count="7" type="cond" truecount="1" falsecount="1"/>
        </file>
        <file name="Footer.js" path="/Users/andela/Desktop/andela/elite-bn-frontend/src/components/LandingPage/Footer.js">
          <metrics statements="2" coveredstatements="2" conditionals="0" coveredconditionals="0" methods="1" coveredmethods="1"/>
          <line num="4" count="6" type="stmt"/>
          <line num="5" count="1" type="stmt"/>
        </file>
        <file name="HotelCard.js" path="/Users/andela/Desktop/andela/elite-bn-frontend/src/components/LandingPage/HotelCard.js">
          <metrics statements="2" coveredstatements="2" conditionals="0" coveredconditionals="0" methods="1" coveredmethods="1"/>
          <line num="3" count="6" type="stmt"/>
          <line num="4" count="3" type="stmt"/>
        </file>
        <file name="NavBar.js" path="/Users/andela/Desktop/andela/elite-bn-frontend/src/components/LandingPage/NavBar.js">
          <metrics statements="2" coveredstatements="2" conditionals="0" coveredconditionals="0" methods="1" coveredmethods="1"/>
          <line num="4" count="6" type="stmt"/>
          <line num="5" count="1" type="stmt"/>
        </file>
        <file name="Testimonials.js" path="/Users/andela/Desktop/andela/elite-bn-frontend/src/components/LandingPage/Testimonials.js">
          <metrics statements="2" coveredstatements="2" conditionals="0" coveredconditionals="0" methods="1" coveredmethods="1"/>
          <line num="5" count="6" type="stmt"/>
          <line num="6" count="1" type="stmt"/>
        </file>
        <file name="TestmonialCard.js" path="/Users/andela/Desktop/andela/elite-bn-frontend/src/components/LandingPage/TestmonialCard.js">
          <metrics statements="1" coveredstatements="1" conditionals="0" coveredconditionals="0" methods="1" coveredmethods="1"/>
          <line num="6" count="3" type="stmt"/>
        </file>
        <file name="TopHotels.js" path="/Users/andela/Desktop/andela/elite-bn-frontend/src/components/LandingPage/TopHotels.js">
          <metrics statements="2" coveredstatements="2" conditionals="0" coveredconditionals="0" methods="1" coveredmethods="1"/>
          <line num="8" count="6" type="stmt"/>
          <line num="9" count="1" type="stmt"/>
        </file>
        <file name="VideoCard.js" path="/Users/andela/Desktop/andela/elite-bn-frontend/src/components/LandingPage/VideoCard.js">
          <metrics statements="8" coveredstatements="7" conditionals="4" coveredconditionals="4" methods="4" coveredmethods="3"/>
          <line num="6" count="6" type="stmt"/>
          <line num="7" count="2" type="stmt"/>
          <line num="9" count="2" type="stmt"/>
          <line num="10" count="1" type="stmt"/>
          <line num="11" count="1" type="stmt"/>
          <line num="12" count="0" type="stmt"/>
          <line num="15" count="1" type="stmt"/>
          <line num="18" count="2" type="stmt"/>
        </file>
      </package>
      <package name="src.components.UI.Button">
        <metrics statements="2" coveredstatements="2" conditionals="0" coveredconditionals="0" methods="1" coveredmethods="1"/>
        <file name="Button.js" path="/Users/andela/Desktop/andela/elite-bn-frontend/src/components/UI/Button/Button.js">
          <metrics statements="2" coveredstatements="2" conditionals="0" coveredconditionals="0" methods="1" coveredmethods="1"/>
          <line num="5" count="6" type="stmt"/>
          <line num="7" count="12" type="stmt"/>
        </file>
      </package>
      <package name="src.components.UI.Spinner">
        <metrics statements="2" coveredstatements="0" conditionals="0" coveredconditionals="0" methods="1" coveredmethods="0"/>
        <file name="Spinner.js" path="/Users/andela/Desktop/andela/elite-bn-frontend/src/components/UI/Spinner/Spinner.js">
          <metrics statements="2" coveredstatements="0" conditionals="0" coveredconditionals="0" methods="1" coveredmethods="0"/>
          <line num="1" count="0" type="stmt"/>
          <line num="3" count="0" type="stmt"/>
        </file>
      </package>
      <package name="src.components.UI.socialSignin">
        <metrics statements="8" coveredstatements="4" conditionals="0" coveredconditionals="0" methods="5" coveredmethods="1"/>
        <file name="socialSignin.js" path="/Users/andela/Desktop/andela/elite-bn-frontend/src/components/UI/socialSignin/socialSignin.js">
          <metrics statements="8" coveredstatements="4" conditionals="0" coveredconditionals="0" methods="5" coveredmethods="1"/>
          <line num="6" count="6" type="stmt"/>
          <line num="7" count="0" type="stmt"/>
          <line num="9" count="6" type="stmt"/>
          <line num="10" count="0" type="stmt"/>
          <line num="13" count="6" type="stmt"/>
          <line num="14" count="6" type="stmt"/>
          <line num="15" count="0" type="stmt"/>
          <line num="20" count="0" type="stmt"/>
        </file>
      </package>
      <package name="src.skeletons.HomePage">
        <metrics statements="2" coveredstatements="2" conditionals="0" coveredconditionals="0" methods="1" coveredmethods="1"/>
        <file name="Video.js" path="/Users/andela/Desktop/andela/elite-bn-frontend/src/skeletons/HomePage/Video.js">
          <metrics statements="2" coveredstatements="2" conditionals="0" coveredconditionals="0" methods="1" coveredmethods="1"/>
          <line num="4" count="6" type="stmt"/>
          <line num="5" count="1" type="stmt"/>
        </file>
      </package>
      <package name="src.store">
        <metrics statements="6" coveredstatements="4" conditionals="2" coveredconditionals="1" methods="3" coveredmethods="2"/>
        <file name="index.js" path="/Users/andela/Desktop/andela/elite-bn-frontend/src/store/index.js">
          <metrics statements="6" coveredstatements="4" conditionals="2" coveredconditionals="1" methods="3" coveredmethods="2"/>
          <line num="6" count="2" type="stmt"/>
          <line num="10" count="2" type="stmt"/>
          <line num="11" count="0" type="stmt"/>
          <line num="12" count="0" type="stmt"/>
          <line num="15" count="2" type="cond" truecount="1" falsecount="1"/>
          <line num="17" count="2" type="stmt"/>
        </file>
      </package>
      <package name="src.store.actioncreators">
        <metrics statements="14" coveredstatements="2" conditionals="4" coveredconditionals="0" methods="3" coveredmethods="1"/>
        <file name="handle.js" path="/Users/andela/Desktop/andela/elite-bn-frontend/src/store/actioncreators/handle.js">
          <metrics statements="14" coveredstatements="2" conditionals="4" coveredconditionals="0" methods="3" coveredmethods="1"/>
          <line num="4" count="6" type="stmt"/>
          <line num="5" count="2" type="stmt"/>
          <line num="6" count="0" type="stmt"/>
          <line num="7" count="0" type="stmt"/>
          <line num="8" count="0" type="stmt"/>
          <line num="9" count="0" type="stmt"/>
          <line num="10" count="0" type="stmt"/>
          <line num="11" count="0" type="stmt"/>
          <line num="12" count="0" type="stmt"/>
          <line num="13" count="0" type="stmt"/>
          <line num="14" count="0" type="stmt"/>
          <line num="16" count="0" type="cond" truecount="0" falsecount="2"/>
          <line num="17" count="0" type="cond" truecount="0" falsecount="2"/>
          <line num="19" count="0" type="stmt"/>
        </file>
      </package>
      <package name="src.store.reducers">
        <metrics statements="4" coveredstatements="3" conditionals="3" coveredconditionals="2" methods="1" coveredmethods="1"/>
        <file name="user.js" path="/Users/andela/Desktop/andela/elite-bn-frontend/src/store/reducers/user.js">
          <metrics statements="4" coveredstatements="3" conditionals="3" coveredconditionals="2" methods="1" coveredmethods="1"/>
          <line num="1" count="2" type="cond" truecount="1" falsecount="0"/>
          <line num="2" count="6" type="cond" truecount="1" falsecount="1"/>
          <line num="4" count="0" type="stmt"/>
          <line num="6" count="6" type="stmt"/>
        </file>
      </package>
      <package name="src.utils">
        <metrics statements="11" coveredstatements="5" conditionals="4" coveredconditionals="1" methods="4" coveredmethods="1"/>
        <file name="getUserInfo.js" path="/Users/andela/Desktop/andela/elite-bn-frontend/src/utils/getUserInfo.js">
          <metrics statements="4" coveredstatements="1" conditionals="2" coveredconditionals="0" methods="1" coveredmethods="0"/>
          <line num="2" count="4" type="stmt"/>
          <line num="4" count="0" type="cond" truecount="0" falsecount="2"/>
          <line num="5" count="0" type="stmt"/>
          <line num="6" count="0" type="stmt"/>
        </file>
        <file name="setAuthorization.js" path="/Users/andela/Desktop/andela/elite-bn-frontend/src/utils/setAuthorization.js">
          <metrics statements="3" coveredstatements="2" conditionals="2" coveredconditionals="1" methods="1" coveredmethods="1"/>
          <line num="4" count="1" type="cond" truecount="1" falsecount="1"/>
          <line num="5" count="0" type="stmt"/>
          <line num="8" count="1" type="stmt"/>
        </file>
        <file name="toast.js" path="/Users/andela/Desktop/andela/elite-bn-frontend/src/utils/toast.js">
          <metrics statements="4" coveredstatements="2" conditionals="0" coveredconditionals="0" methods="2" coveredmethods="0"/>
          <line num="3" count="6" type="stmt"/>
          <line num="5" count="0" type="stmt"/>
          <line num="16" count="6" type="stmt"/>
          <line num="18" count="0" type="stmt"/>
        </file>
      </package>
    </metrics>
  </project>
</coverage>
