{"/Users/andela/Desktop/elite-bn-frontend/src/ExampleFile.js": {"path":"/Users/andela/Desktop/elite-bn-frontend/src/ExampleFile.js","statementMap":{"0":{"start":{"line":6,"column":15},"end":{"line":17,"column":1}},"1":{"start":{"line":19,"column":23},"end":{"line":28,"column":1}},"2":{"start":{"line":20,"column":2},"end":{"line":27,"column":4}}},"fnMap":{"0":{"name":"(anonymous_0)","decl":{"start":{"line":19,"column":23},"end":{"line":19,"column":24}},"loc":{"start":{"line":19,"column":40},"end":{"line":28,"column":1}},"line":19}},"branchMap":{},"s":{"0":1,"1":1,"2":1},"f":{"0":1},"b":{},"_coverageSchema":"332fd63041d2c1bcb487cc26dd0d5f7d97098a6c","hash":"2cea24891cd02790ae37842732d68126294c3cde"}
}
