{"/Users/andela/Desktop/elite-bn-frontend/src/App.js": {"path":"/Users/andela/Desktop/elite-bn-frontend/src/App.js","statementMap":{"0":{"start":{"line":6,"column":2},"end":{"line":12,"column":4}}},"fnMap":{"0":{"name":"App","decl":{"start":{"line":5,"column":9},"end":{"line":5,"column":12}},"loc":{"start":{"line":5,"column":15},"end":{"line":13,"column":1}},"line":5}},"branchMap":{},"s":{"0":6},"f":{"0":6},"b":{},"_coverageSchema":"332fd63041d2c1bcb487cc26dd0d5f7d97098a6c","hash":"8613e8dacc4ec9e3d5fc5947f43f160cb9e2913b"}
,"/Users/andela/Desktop/elite-bn-frontend/src/ExampleFile.js": {"path":"/Users/andela/Desktop/elite-bn-frontend/src/ExampleFile.js","statementMap":{"0":{"start":{"line":6,"column":15},"end":{"line":17,"column":1}},"1":{"start":{"line":19,"column":23},"end":{"line":26,"column":1}},"2":{"start":{"line":20,"column":2},"end":{"line":25,"column":5}}},"fnMap":{"0":{"name":"(anonymous_0)","decl":{"start":{"line":19,"column":23},"end":{"line":19,"column":24}},"loc":{"start":{"line":20,"column":2},"end":{"line":25,"column":5}},"line":20}},"branchMap":{},"s":{"0":2,"1":2,"2":2},"f":{"0":2},"b":{},"_coverageSchema":"332fd63041d2c1bcb487cc26dd0d5f7d97098a6c","hash":"4a9cee4c29617e497a39b68ceec1a5d43ea05e06"}
,"/Users/andela/Desktop/elite-bn-frontend/src/axios.js": {"path":"/Users/andela/Desktop/elite-bn-frontend/src/axios.js","statementMap":{"0":{"start":{"line":3,"column":20},"end":{"line":5,"column":2}}},"fnMap":{},"branchMap":{},"s":{"0":4},"f":{},"b":{},"_coverageSchema":"332fd63041d2c1bcb487cc26dd0d5f7d97098a6c","hash":"6dadf337eb347bc321ede5fa0311c9bbbb3b9d93"}
,"/Users/andela/Desktop/elite-bn-frontend/src/index.js": {"path":"/Users/andela/Desktop/elite-bn-frontend/src/index.js","statementMap":{"0":{"start":{"line":1,"column":0},"end":{"line":null,"column":-1}},"1":{"start":{"line":2,"column":0},"end":{"line":null,"column":-1}},"2":{"start":{"line":3,"column":0},"end":{"line":null,"column":-1}},"3":{"start":{"line":4,"column":0},"end":{"line":null,"column":-1}},"4":{"start":{"line":5,"column":0},"end":{"line":null,"column":-1}},"5":{"start":{"line":6,"column":0},"end":{"line":null,"column":-1}},"6":{"start":{"line":8,"column":0},"end":{"line":null,"column":-1}}},"fnMap":{},"branchMap":{},"s":{"0":0,"1":0,"2":0,"3":0,"4":0,"5":0,"6":0},"f":{},"b":{}}
,"/Users/andela/Desktop/elite-bn-frontend/src/Routes/index.js": {"path":"/Users/andela/Desktop/elite-bn-frontend/src/Routes/index.js","statementMap":{"0":{"start":{"line":9,"column":2},"end":{"line":16,"column":4}}},"fnMap":{"0":{"name":"index","decl":{"start":{"line":8,"column":9},"end":{"line":8,"column":14}},"loc":{"start":{"line":8,"column":17},"end":{"line":17,"column":1}},"line":8}},"branchMap":{},"s":{"0":0},"f":{"0":0},"b":{},"_coverageSchema":"332fd63041d2c1bcb487cc26dd0d5f7d97098a6c","hash":"d0e9484ab78928e337ff7b931e78c829e808bf3f"}
,"/Users/andela/Desktop/elite-bn-frontend/src/components/Home.js": {"path":"/Users/andela/Desktop/elite-bn-frontend/src/components/Home.js","statementMap":{"0":{"start":{"line":4,"column":14},"end":{"line":22,"column":1}},"1":{"start":{"line":5,"column":2},"end":{"line":21,"column":8}}},"fnMap":{"0":{"name":"(anonymous_0)","decl":{"start":{"line":4,"column":14},"end":{"line":4,"column":15}},"loc":{"start":{"line":5,"column":2},"end":{"line":21,"column":8}},"line":5}},"branchMap":{},"s":{"0":3,"1":0},"f":{"0":0},"b":{},"_coverageSchema":"332fd63041d2c1bcb487cc26dd0d5f7d97098a6c","hash":"1ad8fe2b65c33716fd7b0ef9fbb8ab307c5f65aa"}
,"/Users/andela/Desktop/elite-bn-frontend/src/components/Login.js": {"path":"/Users/andela/Desktop/elite-bn-frontend/src/components/Login.js","statementMap":{"0":{"start":{"line":13,"column":19},"end":{"line":13,"column":32}},"1":{"start":{"line":14,"column":23},"end":{"line":33,"column":3}},"2":{"start":{"line":15,"column":32},"end":{"line":15,"column":36}},"3":{"start":{"line":16,"column":4},"end":{"line":32,"column":7}},"4":{"start":{"line":17,"column":6},"end":{"line":17,"column":66}},"5":{"start":{"line":18,"column":24},"end":{"line":18,"column":42}},"6":{"start":{"line":19,"column":6},"end":{"line":19,"column":45}},"7":{"start":{"line":21,"column":6},"end":{"line":21,"column":31}},"8":{"start":{"line":23,"column":28},"end":{"line":23,"column":80}},"9":{"start":{"line":24,"column":6},"end":{"line":31,"column":21}},"10":{"start":{"line":34,"column":19},"end":{"line":41,"column":4}},"11":{"start":{"line":42,"column":2},"end":{"line":105,"column":4}},"12":{"start":{"line":53,"column":10},"end":{"line":101,"column":16}},"13":{"start":{"line":71,"column":62},"end":{"line":71,"column":89}}},"fnMap":{"0":{"name":"login","decl":{"start":{"line":12,"column":24},"end":{"line":12,"column":29}},"loc":{"start":{"line":12,"column":43},"end":{"line":106,"column":1}},"line":12},"1":{"name":"(anonymous_1)","decl":{"start":{"line":14,"column":23},"end":{"line":14,"column":24}},"loc":{"start":{"line":14,"column":33},"end":{"line":33,"column":3}},"line":14},"2":{"name":"(anonymous_2)","decl":{"start":{"line":16,"column":75},"end":{"line":16,"column":76}},"loc":{"start":{"line":16,"column":89},"end":{"line":22,"column":5}},"line":16},"3":{"name":"(anonymous_3)","decl":{"start":{"line":22,"column":13},"end":{"line":22,"column":14}},"loc":{"start":{"line":22,"column":24},"end":{"line":32,"column":5}},"line":22},"4":{"name":"(anonymous_4)","decl":{"start":{"line":52,"column":9},"end":{"line":52,"column":10}},"loc":{"start":{"line":53,"column":10},"end":{"line":101,"column":16}},"line":53},"5":{"name":"(anonymous_5)","decl":{"start":{"line":71,"column":56},"end":{"line":71,"column":57}},"loc":{"start":{"line":71,"column":62},"end":{"line":71,"column":89}},"line":71}},"branchMap":{"0":{"loc":{"start":{"line":23,"column":28},"end":{"line":23,"column":80}},"type":"cond-expr","locations":[{"start":{"line":23,"column":45},"end":{"line":23,"column":72}},{"start":{"line":23,"column":75},"end":{"line":23,"column":80}}],"line":23}},"s":{"0":1,"1":1,"2":1,"3":1,"4":0,"5":0,"6":0,"7":0,"8":0,"9":0,"10":1,"11":1,"12":1,"13":1},"f":{"0":1,"1":1,"2":0,"3":0,"4":1,"5":1},"b":{"0":[0,0]},"_coverageSchema":"332fd63041d2c1bcb487cc26dd0d5f7d97098a6c","hash":"7b3c99429709d4c95dd1435a3054b55ccf50b25e"}
,"/Users/andela/Desktop/elite-bn-frontend/src/components/Navbar.js": {"path":"/Users/andela/Desktop/elite-bn-frontend/src/components/Navbar.js","statementMap":{"0":{"start":{"line":4,"column":2},"end":{"line":22,"column":4}}},"fnMap":{"0":{"name":"Navbar","decl":{"start":{"line":3,"column":24},"end":{"line":3,"column":30}},"loc":{"start":{"line":3,"column":33},"end":{"line":23,"column":1}},"line":3}},"branchMap":{},"s":{"0":5},"f":{"0":5},"b":{},"_coverageSchema":"332fd63041d2c1bcb487cc26dd0d5f7d97098a6c","hash":"eddaf0669e8404ca6c5f2097b46d6404b88c21e9"}
,"/Users/andela/Desktop/elite-bn-frontend/src/components/TextField.js": {"path":"/Users/andela/Desktop/elite-bn-frontend/src/components/TextField.js","statementMap":{"0":{"start":{"line":4,"column":25},"end":{"line":23,"column":1}},"1":{"start":{"line":5,"column":18},"end":{"line":5,"column":33}},"2":{"start":{"line":7,"column":2},"end":{"line":22,"column":4}}},"fnMap":{"0":{"name":"(anonymous_0)","decl":{"start":{"line":4,"column":25},"end":{"line":4,"column":26}},"loc":{"start":{"line":4,"column":60},"end":{"line":23,"column":1}},"line":4}},"branchMap":{},"s":{"0":4,"1":2,"2":2},"f":{"0":2},"b":{},"_coverageSchema":"332fd63041d2c1bcb487cc26dd0d5f7d97098a6c","hash":"f68f95413a318e16c17d220c303f63627ce9bcd6"}
,"/Users/andela/Desktop/elite-bn-frontend/src/components/profile.js": {"path":"/Users/andela/Desktop/elite-bn-frontend/src/components/profile.js","statementMap":{"0":{"start":{"line":4,"column":2},"end":{"line":8,"column":4}}},"fnMap":{"0":{"name":"profile","decl":{"start":{"line":3,"column":24},"end":{"line":3,"column":31}},"loc":{"start":{"line":3,"column":34},"end":{"line":9,"column":1}},"line":3}},"branchMap":{},"s":{"0":1},"f":{"0":1},"b":{},"_coverageSchema":"332fd63041d2c1bcb487cc26dd0d5f7d97098a6c","hash":"c30da380eacbe7750e85f38e6fd7801e4d754b75"}
,"/Users/andela/Desktop/elite-bn-frontend/src/store/index.js": {"path":"/Users/andela/Desktop/elite-bn-frontend/src/store/index.js","statementMap":{"0":{"start":{"line":8,"column":20},"end":{"line":10,"column":2}},"1":{"start":{"line":11,"column":15},"end":{"line":14,"column":1}},"2":{"start":{"line":11,"column":21},"end":{"line":14,"column":1}},"3":{"start":{"line":11,"column":31},"end":{"line":14,"column":1}},"4":{"start":{"line":12,"column":17},"end":{"line":12,"column":29}},"5":{"start":{"line":13,"column":2},"end":{"line":13,"column":16}},"6":{"start":{"line":16,"column":25},"end":{"line":16,"column":55}},"7":{"start":{"line":18,"column":14},"end":{"line":18,"column":88}}},"fnMap":{"0":{"name":"(anonymous_0)","decl":{"start":{"line":11,"column":15},"end":{"line":11,"column":16}},"loc":{"start":{"line":11,"column":21},"end":{"line":14,"column":1}},"line":11},"1":{"name":"(anonymous_1)","decl":{"start":{"line":11,"column":21},"end":{"line":11,"column":22}},"loc":{"start":{"line":11,"column":31},"end":{"line":14,"column":1}},"line":11},"2":{"name":"(anonymous_2)","decl":{"start":{"line":11,"column":31},"end":{"line":11,"column":32}},"loc":{"start":{"line":11,"column":43},"end":{"line":14,"column":1}},"line":11}},"branchMap":{"0":{"loc":{"start":{"line":16,"column":25},"end":{"line":16,"column":55}},"type":"binary-expr","locations":[{"start":{"line":16,"column":25},"end":{"line":16,"column":44}},{"start":{"line":16,"column":48},"end":{"line":16,"column":55}}],"line":16}},"s":{"0":1,"1":1,"2":1,"3":1,"4":0,"5":0,"6":1,"7":1},"f":{"0":1,"1":1,"2":0},"b":{"0":[1,0]},"_coverageSchema":"332fd63041d2c1bcb487cc26dd0d5f7d97098a6c","hash":"60ac797ad5795e5654adad8a4144b6ffc95669fd"}
,"/Users/andela/Desktop/elite-bn-frontend/src/store/reducers/user.js": {"path":"/Users/andela/Desktop/elite-bn-frontend/src/store/reducers/user.js","statementMap":{"0":{"start":{"line":1,"column":14},"end":{"line":9,"column":1}},"1":{"start":{"line":2,"column":2},"end":{"line":8,"column":3}},"2":{"start":{"line":4,"column":23},"end":{"line":4,"column":37}},"3":{"start":{"line":5,"column":6},"end":{"line":5,"column":22}},"4":{"start":{"line":7,"column":6},"end":{"line":7,"column":19}}},"fnMap":{"0":{"name":"(anonymous_0)","decl":{"start":{"line":1,"column":14},"end":{"line":1,"column":15}},"loc":{"start":{"line":1,"column":38},"end":{"line":9,"column":1}},"line":1}},"branchMap":{"0":{"loc":{"start":{"line":1,"column":15},"end":{"line":1,"column":25}},"type":"default-arg","locations":[{"start":{"line":1,"column":23},"end":{"line":1,"column":25}}],"line":1},"1":{"loc":{"start":{"line":2,"column":2},"end":{"line":8,"column":3}},"type":"switch","locations":[{"start":{"line":3,"column":5},"end":{"line":5,"column":22}},{"start":{"line":6,"column":4},"end":{"line":7,"column":19}}],"line":2}},"s":{"0":1,"1":3,"2":0,"3":0,"4":3},"f":{"0":3},"b":{"0":[3],"1":[0,3]},"_coverageSchema":"332fd63041d2c1bcb487cc26dd0d5f7d97098a6c","hash":"b9d8487db81eba697002290c63b9337f1d520c34"}
}
