TN:
SF:/Users/andela/Desktop/elite-bn-frontend/src/App.js
FN:5,App
FNF:1
FNH:0
FNDA:0,App
DA:1,0
DA:2,0
DA:3,0
DA:6,0
LF:4
LH:0
BRF:0
BRH:0
end_of_record
TN:
SF:/Users/andela/Desktop/elite-bn-frontend/src/ExampleFile.js
FN:19,(anonymous_0)
FNF:1
FNH:1
FNDA:1,(anonymous_0)
DA:6,1
DA:19,1
DA:20,1
LF:3
LH:3
BRF:0
BRH:0
end_of_record
TN:
SF:/Users/andela/Desktop/elite-bn-frontend/src/index.js
FNF:0
FNH:0
DA:1,0
DA:2,0
DA:3,0
DA:4,0
DA:6,0
LF:5
LH:0
BRF:0
BRH:0
end_of_record
TN:
SF:/Users/andela/Desktop/elite-bn-frontend/src/Routes/index.js
FN:5,index
FNF:1
FNH:0
FNDA:0,index
DA:1,0
DA:2,0
DA:3,0
DA:6,0
LF:4
LH:0
BRF:0
BRH:0
end_of_record
TN:
SF:/Users/andela/Desktop/elite-bn-frontend/src/components/Home.js
FN:4,Index
FNF:1
FNH:0
FNDA:0,Index
DA:1,0
DA:2,0
DA:4,0
LF:3
LH:0
BRF:0
BRH:0
end_of_record
