TN:
SF:/Users/andela/Desktop/andela/elite-bn-frontend/src/App.js
FN:9,App
FNF:1
FNH:1
FNDA:8,App
DA:10,8
DA:11,0
DA:12,0
LF:3
LH:1
BRF:0
BRH:0
end_of_record
TN:
SF:/Users/andela/Desktop/andela/elite-bn-frontend/src/ExampleFile.js
FN:19,(anonymous_0)
FNF:1
FNH:1
FNDA:2,(anonymous_0)
DA:6,2
DA:19,2
DA:20,2
LF:3
LH:3
BRF:0
BRH:0
end_of_record
TN:
SF:/Users/andela/Desktop/andela/elite-bn-frontend/src/axios.js
FNF:0
FNH:0
DA:3,6
LF:1
LH:1
BRF:0
BRH:0
end_of_record
TN:
SF:/Users/andela/Desktop/andela/elite-bn-frontend/src/index.js
FNF:0
FNH:0
DA:10,1
DA:14,1
DA:21,1
DA:23,1
LF:4
LH:4
BRF:0
BRH:0
end_of_record
TN:
SF:/Users/andela/Desktop/andela/elite-bn-frontend/src/Routes/index.js
FN:7,index
FNF:1
FNH:1
FNDA:1,index
DA:8,1
LF:1
LH:1
BRF:0
BRH:0
end_of_record
TN:
SF:/Users/andela/Desktop/andela/elite-bn-frontend/src/components/Home.js
FN:9,(anonymous_0)
FN:12,(anonymous_1)
FNF:2
FNH:1
FNDA:1,(anonymous_0)
FNDA:0,(anonymous_1)
DA:9,6
DA:10,1
DA:12,1
DA:13,1
LF:4
LH:4
BRF:0
BRH:0
end_of_record
TN:
SF:/Users/andela/Desktop/andela/elite-bn-frontend/src/components/Login.js
FN:12,login
FN:16,(anonymous_1)
FN:23,(anonymous_2)
FN:31,(anonymous_3)
FNF:4
FNH:3
FNDA:6,login
FNDA:4,(anonymous_1)
FNDA:2,(anonymous_2)
FNDA:0,(anonymous_3)
DA:13,6
DA:15,6
DA:16,6
DA:17,4
DA:18,4
DA:23,6
DA:25,2
DA:27,2
DA:29,6
DA:31,6
DA:32,6
LF:11
LH:11
BRF:0
BRH:0
end_of_record
TN:
SF:/Users/andela/Desktop/andela/elite-bn-frontend/src/components/TextField.js
FN:4,(anonymous_0)
FNF:1
FNH:1
FNDA:12,(anonymous_0)
DA:4,6
DA:6,12
LF:2
LH:2
BRF:0
BRH:0
end_of_record
TN:
SF:/Users/andela/Desktop/andela/elite-bn-frontend/src/components/profile.js
FN:3,profile
FNF:1
FNH:1
FNDA:1,profile
DA:4,1
LF:1
LH:1
BRF:0
BRH:0
end_of_record
TN:
SF:/Users/andela/Desktop/andela/elite-bn-frontend/src/components/Footer/Footer.js
FN:4,(anonymous_0)
FNF:1
FNH:1
FNDA:6,(anonymous_0)
DA:4,6
DA:5,6
LF:2
LH:2
BRF:0
BRH:0
end_of_record
TN:
SF:/Users/andela/Desktop/andela/elite-bn-frontend/src/components/Header/NavBar.js
FN:4,(anonymous_0)
FNF:1
FNH:1
FNDA:6,(anonymous_0)
DA:4,6
DA:5,6
LF:2
LH:2
BRF:0
BRH:0
end_of_record
TN:
SF:/Users/andela/Desktop/andela/elite-bn-frontend/src/components/LandingPage/DropMenu.js
FN:4,(anonymous_0)
FNF:1
FNH:1
FNDA:7,(anonymous_0)
DA:4,7
DA:5,7
LF:2
LH:2
BRDA:5,0,0,0
BRDA:5,0,1,7
BRF:2
BRH:1
end_of_record
TN:
SF:/Users/andela/Desktop/andela/elite-bn-frontend/src/components/LandingPage/Footer.js
FN:4,(anonymous_0)
FNF:1
FNH:1
FNDA:1,(anonymous_0)
DA:4,6
DA:5,1
LF:2
LH:2
BRF:0
BRH:0
end_of_record
TN:
SF:/Users/andela/Desktop/andela/elite-bn-frontend/src/components/LandingPage/HotelCard.js
FN:3,(anonymous_0)
FNF:1
FNH:1
FNDA:3,(anonymous_0)
DA:3,6
DA:4,3
LF:2
LH:2
BRF:0
BRH:0
end_of_record
TN:
SF:/Users/andela/Desktop/andela/elite-bn-frontend/src/components/LandingPage/NavBar.js
FN:4,(anonymous_0)
FNF:1
FNH:1
FNDA:1,(anonymous_0)
DA:4,6
DA:5,1
LF:2
LH:2
BRF:0
BRH:0
end_of_record
TN:
SF:/Users/andela/Desktop/andela/elite-bn-frontend/src/components/LandingPage/Testimonials.js
FN:5,(anonymous_0)
FNF:1
FNH:1
FNDA:1,(anonymous_0)
DA:5,6
DA:6,1
LF:2
LH:2
BRF:0
BRH:0
end_of_record
TN:
SF:/Users/andela/Desktop/andela/elite-bn-frontend/src/components/LandingPage/TestmonialCard.js
FN:5,CartTestmonials
FNF:1
FNH:1
FNDA:3,CartTestmonials
DA:6,3
LF:1
LH:1
BRF:0
BRH:0
end_of_record
TN:
SF:/Users/andela/Desktop/andela/elite-bn-frontend/src/components/LandingPage/TopHotels.js
FN:8,(anonymous_0)
FNF:1
FNH:1
FNDA:1,(anonymous_0)
DA:8,6
DA:9,1
LF:2
LH:2
BRF:0
BRH:0
end_of_record
TN:
SF:/Users/andela/Desktop/andela/elite-bn-frontend/src/components/LandingPage/VideoCard.js
FN:6,(anonymous_0)
FN:9,(anonymous_1)
FN:11,(anonymous_2)
FN:15,(anonymous_3)
FNF:4
FNH:3
FNDA:2,(anonymous_0)
FNDA:1,(anonymous_1)
FNDA:0,(anonymous_2)
FNDA:1,(anonymous_3)
DA:6,6
DA:7,2
DA:9,2
DA:10,1
DA:11,1
DA:12,0
DA:15,1
DA:18,2
LF:8
LH:7
BRDA:31,0,0,2
BRDA:31,0,1,1
BRDA:32,1,0,2
BRDA:32,1,1,1
BRF:4
BRH:4
end_of_record
TN:
SF:/Users/andela/Desktop/andela/elite-bn-frontend/src/components/UI/Button/Button.js
FN:5,(anonymous_0)
FNF:1
FNH:1
FNDA:12,(anonymous_0)
DA:5,6
DA:7,12
LF:2
LH:2
BRF:0
BRH:0
end_of_record
TN:
SF:/Users/andela/Desktop/andela/elite-bn-frontend/src/components/UI/Spinner/Spinner.js
FN:3,Spinner
FNF:1
FNH:0
FNDA:0,Spinner
DA:1,0
DA:3,0
LF:2
LH:0
BRF:0
BRH:0
end_of_record
TN:
SF:/Users/andela/Desktop/andela/elite-bn-frontend/src/components/UI/socialSignin/socialSignin.js
FN:6,(anonymous_0)
FN:9,(anonymous_1)
FN:13,(anonymous_2)
FN:15,(anonymous_3)
FN:20,(anonymous_4)
FNF:5
FNH:1
FNDA:0,(anonymous_0)
FNDA:0,(anonymous_1)
FNDA:6,(anonymous_2)
FNDA:0,(anonymous_3)
FNDA:0,(anonymous_4)
DA:6,6
DA:7,0
DA:9,6
DA:10,0
DA:13,6
DA:14,6
DA:15,0
DA:20,0
LF:8
LH:4
BRF:0
BRH:0
end_of_record
TN:
SF:/Users/andela/Desktop/andela/elite-bn-frontend/src/skeletons/HomePage/Video.js
FN:4,(anonymous_0)
FNF:1
FNH:1
FNDA:1,(anonymous_0)
DA:4,6
DA:5,1
LF:2
LH:2
BRF:0
BRH:0
end_of_record
TN:
SF:/Users/andela/Desktop/andela/elite-bn-frontend/src/store/index.js
FN:10,(anonymous_0)
FN:10,(anonymous_1)
FN:10,(anonymous_2)
FNF:3
FNH:2
FNDA:2,(anonymous_0)
FNDA:2,(anonymous_1)
FNDA:0,(anonymous_2)
DA:6,2
DA:10,2
DA:11,0
DA:12,0
DA:15,2
DA:17,2
LF:6
LH:4
BRDA:15,0,0,2
BRDA:15,0,1,0
BRF:2
BRH:1
end_of_record
TN:
SF:/Users/andela/Desktop/andela/elite-bn-frontend/src/store/actioncreators/handle.js
FN:4,(anonymous_0)
FN:5,(anonymous_1)
FN:15,(anonymous_2)
FNF:3
FNH:1
FNDA:2,(anonymous_0)
FNDA:0,(anonymous_1)
FNDA:0,(anonymous_2)
DA:4,6
DA:5,2
DA:6,0
DA:7,0
DA:8,0
DA:9,0
DA:10,0
DA:11,0
DA:12,0
DA:13,0
DA:14,0
DA:16,0
DA:17,0
DA:19,0
LF:14
LH:2
BRDA:16,0,0,0
BRDA:16,0,1,0
BRDA:17,1,0,0
BRDA:17,1,1,0
BRF:4
BRH:0
end_of_record
TN:
SF:/Users/andela/Desktop/andela/elite-bn-frontend/src/store/reducers/user.js
FN:1,(anonymous_0)
FNF:1
FNH:1
FNDA:6,(anonymous_0)
DA:1,2
DA:2,6
DA:4,0
DA:6,6
LF:4
LH:3
BRDA:1,0,0,6
BRDA:2,1,0,0
BRDA:2,1,1,6
BRF:3
BRH:2
end_of_record
TN:
SF:/Users/andela/Desktop/andela/elite-bn-frontend/src/utils/getUserInfo.js
FN:2,(anonymous_0)
FNF:1
FNH:0
FNDA:0,(anonymous_0)
DA:2,4
DA:4,0
DA:5,0
DA:6,0
LF:4
LH:1
BRDA:4,0,0,0
BRDA:4,0,1,0
BRF:2
BRH:0
end_of_record
TN:
SF:/Users/andela/Desktop/andela/elite-bn-frontend/src/utils/setAuthorization.js
FN:3,setAthorizationToken
FNF:1
FNH:1
FNDA:1,setAthorizationToken
DA:4,1
DA:5,0
DA:8,1
LF:3
LH:2
BRDA:4,0,0,0
BRDA:4,0,1,1
BRF:2
BRH:1
end_of_record
TN:
SF:/Users/andela/Desktop/andela/elite-bn-frontend/src/utils/toast.js
FN:3,(anonymous_0)
FN:16,(anonymous_1)
FNF:2
FNH:0
FNDA:0,(anonymous_0)
FNDA:0,(anonymous_1)
DA:3,6
DA:5,0
DA:16,6
DA:18,0
LF:4
LH:2
BRF:0
BRH:0
end_of_record
